android/app/build/intermediates/manifest_merge_blame_file/debug/manifest-merger-blame-debug-report.txt
1<?xml version="1.0" encoding="utf-8"?>
2<manifest xmlns:android="http://schemas.android.com/apk/res/android"
3    package="skyward.crm.new_skyward_crm"
4    android:versionCode="1"
5    android:versionName="1.0" >
6
7    <uses-sdk
8        android:minSdkVersion="21"
9        android:targetSdkVersion="29" />
10
11    <uses-permission android:name="android.permission.SYSTEM_ALERT_WINDOW" />
11-->src\debug\AndroidManifest.xml:5:5-77
11-->src\debug\AndroidManifest.xml:5:22-75
12    <uses-permission android:name="android.permission.INTERNET" />
12-->src\main\AndroidManifest.xml:5:5-67
12-->src\main\AndroidManifest.xml:5:22-64
13    <uses-permission android:name="android.permission.CAMERA" />
13-->src\main\AndroidManifest.xml:6:5-64
13-->src\main\AndroidManifest.xml:6:22-62
14    <uses-permission android:name="android.permission.READ_EXTERNAL_STORAGE" />
14-->src\main\AndroidManifest.xml:7:6-81
14-->src\main\AndroidManifest.xml:7:23-78
15    <uses-permission android:name="android.permission.WRITE_EXTERNAL_STORAGE" />
15-->src\main\AndroidManifest.xml:8:1-77
15-->src\main\AndroidManifest.xml:8:18-74
16    <uses-permission android:name="android.permission.DOWNLOAD_WITHOUT_NOTIFICATION" />
16-->src\main\AndroidManifest.xml:9:1-84
16-->src\main\AndroidManifest.xml:9:18-81
17    <uses-permission android:name="android.permission.ACCESS_COARSE_LOCATION" />
17-->src\main\AndroidManifest.xml:13:2-78
17-->src\main\AndroidManifest.xml:13:19-75
18    <uses-permission android:name="android.permission.ACCESS_FINE_LOCATION" />
18-->src\main\AndroidManifest.xml:14:5-79
18-->src\main\AndroidManifest.xml:14:22-76
19    <uses-permission android:name="android.permission.VIBRATE" />
19-->src\main\AndroidManifest.xml:15:1-62
19-->src\main\AndroidManifest.xml:15:18-59
20    <uses-permission android:name="android.permission.ACCESS_WIFI_STATE" />
20-->[com.facebook.flipper:flipper:0.75.1] AndroidManifest.xml:16:5-76
20-->[com.facebook.flipper:flipper:0.75.1] AndroidManifest.xml:16:22-73
21    <uses-permission android:name="android.permission.ACCESS_NETWORK_STATE" />
21-->[:react-native-community_netinfo] AndroidManifest.xml:9:5-79
21-->[:react-native-community_netinfo] AndroidManifest.xml:9:22-76
22    <uses-permission android:name="android.permission.WAKE_LOCK" /> <!-- Required to access Google Play Licensing -->
22-->[:react-native-firebase_messaging] AndroidManifest.xml:12:5-68
22-->[:react-native-firebase_messaging] AndroidManifest.xml:12:22-65
23    <uses-permission android:name="com.android.vending.CHECK_LICENSE" /> <!-- Required by older versions of Google Play services to create IID tokens -->
23-->[:rn-fetch-blob] AndroidManifest.xml:12:5-73
23-->[:rn-fetch-blob] AndroidManifest.xml:12:22-70
24    <uses-permission android:name="com.google.android.c2dm.permission.RECEIVE" />
24-->[com.google.firebase:firebase-messaging:22.0.0] AndroidManifest.xml:25:5-82
24-->[com.google.firebase:firebase-messaging:22.0.0] AndroidManifest.xml:25:22-79
25    <uses-permission android:name="com.google.android.finsky.permission.BIND_GET_INSTALL_REFERRER_SERVICE" /> <!-- for android -->
25-->[com.google.android.gms:play-services-measurement:19.0.0] AndroidManifest.xml:26:5-110
25-->[com.google.android.gms:play-services-measurement:19.0.0] AndroidManifest.xml:26:22-107
26    <!-- <uses-permission android:name="com.android.launcher.permission.READ_SETTINGS"/> -->
27    <!-- <uses-permission android:name="com.android.launcher.permission.WRITE_SETTINGS"/> -->
28    <!-- <uses-permission android:name="com.android.launcher.permission.INSTALL_SHORTCUT" /> -->
29    <!-- <uses-permission android:name="com.android.launcher.permission.UNINSTALL_SHORTCUT" /> -->
30    <!-- for Samsung -->
31    <uses-permission android:name="com.sec.android.provider.badge.permission.READ" />
31-->[me.leolin:ShortcutBadger:1.1.22] AndroidManifest.xml:19:5-86
31-->[me.leolin:ShortcutBadger:1.1.22] AndroidManifest.xml:19:22-83
32    <uses-permission android:name="com.sec.android.provider.badge.permission.WRITE" /> <!-- for htc -->
32-->[me.leolin:ShortcutBadger:1.1.22] AndroidManifest.xml:20:5-87
32-->[me.leolin:ShortcutBadger:1.1.22] AndroidManifest.xml:20:22-84
33    <uses-permission android:name="com.htc.launcher.permission.READ_SETTINGS" />
33-->[me.leolin:ShortcutBadger:1.1.22] AndroidManifest.xml:23:5-81
33-->[me.leolin:ShortcutBadger:1.1.22] AndroidManifest.xml:23:22-78
34    <uses-permission android:name="com.htc.launcher.permission.UPDATE_SHORTCUT" /> <!-- for sony -->
34-->[me.leolin:ShortcutBadger:1.1.22] AndroidManifest.xml:24:5-83
34-->[me.leolin:ShortcutBadger:1.1.22] AndroidManifest.xml:24:22-80
35    <uses-permission android:name="com.sonyericsson.home.permission.BROADCAST_BADGE" />
35-->[me.leolin:ShortcutBadger:1.1.22] AndroidManifest.xml:27:5-88
35-->[me.leolin:ShortcutBadger:1.1.22] AndroidManifest.xml:27:22-85
36    <uses-permission android:name="com.sonymobile.home.permission.PROVIDER_INSERT_BADGE" /> <!-- for apex -->
36-->[me.leolin:ShortcutBadger:1.1.22] AndroidManifest.xml:28:5-92
36-->[me.leolin:ShortcutBadger:1.1.22] AndroidManifest.xml:28:22-89
37    <uses-permission android:name="com.anddoes.launcher.permission.UPDATE_COUNT" /> <!-- for solid -->
37-->[me.leolin:ShortcutBadger:1.1.22] AndroidManifest.xml:31:5-84
37-->[me.leolin:ShortcutBadger:1.1.22] AndroidManifest.xml:31:22-81
38    <uses-permission android:name="com.majeur.launcher.permission.UPDATE_BADGE" /> <!-- for huawei -->
38-->[me.leolin:ShortcutBadger:1.1.22] AndroidManifest.xml:34:5-83
38-->[me.leolin:ShortcutBadger:1.1.22] AndroidManifest.xml:34:22-80
39    <uses-permission android:name="com.huawei.android.launcher.permission.CHANGE_BADGE" />
39-->[me.leolin:ShortcutBadger:1.1.22] AndroidManifest.xml:37:5-91
39-->[me.leolin:ShortcutBadger:1.1.22] AndroidManifest.xml:37:22-88
40    <uses-permission android:name="com.huawei.android.launcher.permission.READ_SETTINGS" />
40-->[me.leolin:ShortcutBadger:1.1.22] AndroidManifest.xml:38:5-92
40-->[me.leolin:ShortcutBadger:1.1.22] AndroidManifest.xml:38:22-89
41    <uses-permission android:name="com.huawei.android.launcher.permission.WRITE_SETTINGS" /> <!-- for ZUK -->
41-->[me.leolin:ShortcutBadger:1.1.22] AndroidManifest.xml:39:5-93
41-->[me.leolin:ShortcutBadger:1.1.22] AndroidManifest.xml:39:22-90
42    <uses-permission android:name="android.permission.READ_APP_BADGE" /> <!-- for OPPO -->
42-->[me.leolin:ShortcutBadger:1.1.22] AndroidManifest.xml:42:5-73
42-->[me.leolin:ShortcutBadger:1.1.22] AndroidManifest.xml:42:22-70
43    <uses-permission android:name="com.oppo.launcher.permission.READ_SETTINGS" />
43-->[me.leolin:ShortcutBadger:1.1.22] AndroidManifest.xml:45:5-82
43-->[me.leolin:ShortcutBadger:1.1.22] AndroidManifest.xml:45:22-79
44    <uses-permission android:name="com.oppo.launcher.permission.WRITE_SETTINGS" /> <!-- for EvMe -->
44-->[me.leolin:ShortcutBadger:1.1.22] AndroidManifest.xml:46:5-83
44-->[me.leolin:ShortcutBadger:1.1.22] AndroidManifest.xml:46:22-80
45    <uses-permission android:name="me.everything.badger.permission.BADGE_COUNT_READ" />
45-->[me.leolin:ShortcutBadger:1.1.22] AndroidManifest.xml:49:5-88
45-->[me.leolin:ShortcutBadger:1.1.22] AndroidManifest.xml:49:22-85
46    <uses-permission android:name="me.everything.badger.permission.BADGE_COUNT_WRITE" />
46-->[me.leolin:ShortcutBadger:1.1.22] AndroidManifest.xml:50:5-89
46-->[me.leolin:ShortcutBadger:1.1.22] AndroidManifest.xml:50:22-86
47
48    <application
48-->src\main\AndroidManifest.xml:17:5-61:19
49        android:name="skyward.crm.new_skyward_crm.MainApplication"
49-->src\main\AndroidManifest.xml:18:7-38
50        android:allowBackup="false"
50-->src\main\AndroidManifest.xml:21:7-34
51        android:appComponentFactory="androidx.core.app.CoreComponentFactory"
51-->[androidx.core:core:1.3.2] AndroidManifest.xml:24:18-86
52        android:debuggable="true"
53        android:icon="@mipmap/ic_launcher"
53-->src\main\AndroidManifest.xml:20:7-41
54        android:label="@string/app_name"
54-->src\main\AndroidManifest.xml:19:7-39
55        android:theme="@style/AppTheme"
55-->src\main\AndroidManifest.xml:24:7-38
56        android:usesCleartextTraffic="true" >
56-->src\main\AndroidManifest.xml:22:13-48
57        <activity android:name="com.facebook.react.devsupport.DevSettingsActivity" />
57-->src\debug\AndroidManifest.xml:11:9-86
57-->src\debug\AndroidManifest.xml:11:19-83
58
59        <meta-data
59-->src\main\AndroidManifest.xml:25:7-26:55
60            android:name="com.dieam.reactnativepushnotification.notification_channel_name"
60-->src\main\AndroidManifest.xml:25:19-97
61            android:value="Skyward Notification" />
61-->src\main\AndroidManifest.xml:26:17-53
62        <meta-data
62-->src\main\AndroidManifest.xml:27:9-28:60
63            android:name="com.dieam.reactnativepushnotification.notification_channel_description"
63-->src\main\AndroidManifest.xml:27:21-106
64            android:value="Skyward notifications" /> <!-- Change the value to true to enable pop-up for in foreground (remote-only, for local use ignoreInForeground) -->
64-->src\main\AndroidManifest.xml:28:21-58
65        <meta-data
65-->src\main\AndroidManifest.xml:31:9-32:44
66            android:name="com.dieam.reactnativepushnotification.notification_foreground"
66-->src\main\AndroidManifest.xml:31:21-97
67            android:value="false" /> <!-- Change the value to false if you don't want the creation of the default channel -->
67-->src\main\AndroidManifest.xml:32:21-42
68        <meta-data
68-->src\main\AndroidManifest.xml:34:9-35:43
69            android:name="com.dieam.reactnativepushnotification.channel_create_default"
69-->src\main\AndroidManifest.xml:34:21-96
70            android:value="true" />
70-->src\main\AndroidManifest.xml:35:21-41
71        <meta-data
71-->src\main\AndroidManifest.xml:37:27-39:54
72            android:name="com.google.firebase.messaging.default_notification_icon"
72-->src\main\AndroidManifest.xml:38:13-83
73            android:resource="@mipmap/ic_launcher" />
73-->src\main\AndroidManifest.xml:39:13-51
74        <!--
75 Set color used with incoming notification messages. This is used when no color is set for the incoming
76             notification message. See README(https://goo.gl/6BKBk7) for more.
77        -->
78        <meta-data
78-->src\main\AndroidManifest.xml:42:10-45:47
79            android:name="com.google.firebase.messaging.default_notification_color"
79-->src\main\AndroidManifest.xml:43:13-84
80            android:resource="@color/colorAccent" />
80-->src\main\AndroidManifest.xml:44:13-50
81
82        <activity
82-->src\main\AndroidManifest.xml:47:7-60:18
83            android:name="skyward.crm.new_skyward_crm.MainActivity"
83-->src\main\AndroidManifest.xml:48:9-37
84            android:configChanges="keyboard|keyboardHidden|orientation|screenSize|uiMode"
84-->src\main\AndroidManifest.xml:50:9-86
85            android:label="@string/app_name"
85-->src\main\AndroidManifest.xml:49:9-41
86            android:launchMode="singleTask"
86-->src\main\AndroidManifest.xml:51:9-40
87            android:windowSoftInputMode="adjustResize" >
87-->src\main\AndroidManifest.xml:52:9-51
88            <intent-filter>
88-->src\main\AndroidManifest.xml:54:9-59:25
89                <action android:name="android.intent.action.MAIN" />
89-->src\main\AndroidManifest.xml:55:13-65
89-->src\main\AndroidManifest.xml:55:21-62
90
91                <category android:name="android.intent.category.LAUNCHER" />
91-->src\main\AndroidManifest.xml:56:13-73
91-->src\main\AndroidManifest.xml:56:23-70
92
93                <action android:name="android.intent.action.DOWNLOAD_COMPLETE" />
93-->src\main\AndroidManifest.xml:57:12-76
93-->src\main\AndroidManifest.xml:57:20-74
94            </intent-filter>
95        </activity>
96
97        <service android:name="io.invertase.firebase.messaging.ReactNativeFirebaseMessagingHeadlessService" />
97-->[:react-native-firebase_messaging] AndroidManifest.xml:16:9-111
97-->[:react-native-firebase_messaging] AndroidManifest.xml:16:18-108
98        <service
98-->[:react-native-firebase_messaging] AndroidManifest.xml:17:9-23:19
99            android:name="io.invertase.firebase.messaging.ReactNativeFirebaseMessagingService"
99-->[:react-native-firebase_messaging] AndroidManifest.xml:18:13-95
100            android:exported="false" >
100-->[:react-native-firebase_messaging] AndroidManifest.xml:19:13-37
101            <intent-filter>
101-->[:react-native-firebase_messaging] AndroidManifest.xml:20:13-22:29
102                <action android:name="com.google.firebase.MESSAGING_EVENT" />
102-->[:react-native-firebase_messaging] AndroidManifest.xml:21:17-78
102-->[:react-native-firebase_messaging] AndroidManifest.xml:21:25-75
103            </intent-filter>
104        </service>
105
106        <receiver
106-->[:react-native-firebase_messaging] AndroidManifest.xml:25:9-32:20
107            android:name="io.invertase.firebase.messaging.ReactNativeFirebaseMessagingReceiver"
107-->[:react-native-firebase_messaging] AndroidManifest.xml:26:13-96
108            android:exported="true"
108-->[:react-native-firebase_messaging] AndroidManifest.xml:27:13-36
109            android:permission="com.google.android.c2dm.permission.SEND" >
109-->[:react-native-firebase_messaging] AndroidManifest.xml:28:13-73
110            <intent-filter>
110-->[:react-native-firebase_messaging] AndroidManifest.xml:29:13-31:29
111                <action android:name="com.google.android.c2dm.intent.RECEIVE" />
111-->[:react-native-firebase_messaging] AndroidManifest.xml:30:17-81
111-->[:react-native-firebase_messaging] AndroidManifest.xml:30:25-78
112            </intent-filter>
113        </receiver>
114
115        <meta-data
115-->[:react-native-firebase_messaging] AndroidManifest.xml:34:9-36:36
116            android:name="firebase_messaging_auto_init_enabled"
116-->[:react-native-firebase_messaging] AndroidManifest.xml:35:13-64
117            android:value="true" />
117-->[:react-native-firebase_messaging] AndroidManifest.xml:36:13-33
118        <meta-data
118-->[:react-native-firebase_messaging] AndroidManifest.xml:37:9-39:45
119            android:name="com.google.firebase.messaging.default_notification_channel_id"
119-->[:react-native-firebase_messaging] AndroidManifest.xml:38:13-89
120            android:value="high-priority" />
120-->[:react-native-firebase_messaging] AndroidManifest.xml:39:13-42
121
122        <receiver
122-->[:react-native-device-info] AndroidManifest.xml:13:9-22:20
123            android:name="com.learnium.RNDeviceInfo.RNDeviceReceiver"
123-->[:react-native-device-info] AndroidManifest.xml:14:13-70
124            android:enabled="true"
124-->[:react-native-device-info] AndroidManifest.xml:15:13-35
125            android:exported="true"
125-->[:react-native-device-info] AndroidManifest.xml:16:13-36
126            android:permission="android.permission.INSTALL_PACKAGES" >
126-->[:react-native-device-info] AndroidManifest.xml:17:13-69
127            <intent-filter>
127-->[:react-native-device-info] AndroidManifest.xml:19:13-21:29
128                <action android:name="com.android.vending.INSTALL_REFERRER" />
128-->[:react-native-device-info] AndroidManifest.xml:20:17-79
128-->[:react-native-device-info] AndroidManifest.xml:20:25-76
129            </intent-filter>
130        </receiver>
131
132        <provider
132-->[:react-native-image-picker] AndroidManifest.xml:12:9-20:20
133            android:name="com.imagepicker.ImagePickerProvider"
133-->[:react-native-image-picker] AndroidManifest.xml:13:13-63
134            android:authorities="skyward.crm.new_skyward_crm.imagepickerprovider"
134-->[:react-native-image-picker] AndroidManifest.xml:14:13-71
135            android:exported="false"
135-->[:react-native-image-picker] AndroidManifest.xml:15:13-37
136            android:grantUriPermissions="true" >
136-->[:react-native-image-picker] AndroidManifest.xml:16:13-47
137            <meta-data
137-->[:react-native-image-picker] AndroidManifest.xml:17:13-19:70
138                android:name="android.support.FILE_PROVIDER_PATHS"
138-->[:react-native-image-picker] AndroidManifest.xml:18:17-67
139                android:resource="@xml/imagepicker_provider_paths" />
139-->[:react-native-image-picker] AndroidManifest.xml:19:17-67
140        </provider>
141        <provider
141-->[:react-native-share] AndroidManifest.xml:10:9-18:20
142            android:name="cl.json.RNShareFileProvider"
142-->[:react-native-share] AndroidManifest.xml:11:13-55
143            android:authorities="skyward.crm.new_skyward_crm.rnshare.fileprovider"
143-->[:react-native-share] AndroidManifest.xml:12:13-72
144            android:exported="false"
144-->[:react-native-share] AndroidManifest.xml:13:13-37
145            android:grantUriPermissions="true" >
145-->[:react-native-share] AndroidManifest.xml:14:13-47
146            <meta-data
146-->[:react-native-image-picker] AndroidManifest.xml:17:13-19:70
147                android:name="android.support.FILE_PROVIDER_PATHS"
147-->[:react-native-image-picker] AndroidManifest.xml:18:17-67
148                android:resource="@xml/share_download_paths" />
148-->[:react-native-image-picker] AndroidManifest.xml:19:17-67
149        </provider>
150        <provider
150-->[:react-native-webview] AndroidManifest.xml:12:9-20:20
151            android:name="com.reactnativecommunity.webview.RNCWebViewFileProvider"
151-->[:react-native-webview] AndroidManifest.xml:13:13-83
152            android:authorities="skyward.crm.new_skyward_crm.fileprovider"
152-->[:react-native-webview] AndroidManifest.xml:14:13-64
153            android:exported="false"
153-->[:react-native-webview] AndroidManifest.xml:15:13-37
154            android:grantUriPermissions="true" >
154-->[:react-native-webview] AndroidManifest.xml:16:13-47
155            <meta-data
155-->[:react-native-image-picker] AndroidManifest.xml:17:13-19:70
156                android:name="android.support.FILE_PROVIDER_PATHS"
156-->[:react-native-image-picker] AndroidManifest.xml:18:17-67
157                android:resource="@xml/file_provider_paths" />
157-->[:react-native-image-picker] AndroidManifest.xml:19:17-67
158        </provider>
159        <provider
159-->[:rn-fetch-blob] AndroidManifest.xml:36:9-44:20
160            android:name="com.RNFetchBlob.Utils.FileProvider"
160-->[:rn-fetch-blob] AndroidManifest.xml:37:13-62
161            android:authorities="skyward.crm.new_skyward_crm.provider"
161-->[:rn-fetch-blob] AndroidManifest.xml:38:13-60
162            android:exported="false"
162-->[:rn-fetch-blob] AndroidManifest.xml:39:13-37
163            android:grantUriPermissions="true" >
163-->[:rn-fetch-blob] AndroidManifest.xml:40:13-47
164            <meta-data
164-->[:react-native-image-picker] AndroidManifest.xml:17:13-19:70
165                android:name="android.support.FILE_PROVIDER_PATHS"
165-->[:react-native-image-picker] AndroidManifest.xml:18:17-67
166                android:resource="@xml/provider_paths" />
166-->[:react-native-image-picker] AndroidManifest.xml:19:17-67
167        </provider>
168
169        <receiver
169-->[com.google.firebase:firebase-messaging:22.0.0] AndroidManifest.xml:28:9-35:20
170            android:name="com.google.firebase.iid.FirebaseInstanceIdReceiver"
170-->[com.google.firebase:firebase-messaging:22.0.0] AndroidManifest.xml:29:13-78
171            android:exported="true"
171-->[com.google.firebase:firebase-messaging:22.0.0] AndroidManifest.xml:30:13-36
172            android:permission="com.google.android.c2dm.permission.SEND" >
172-->[com.google.firebase:firebase-messaging:22.0.0] AndroidManifest.xml:31:13-73
173            <intent-filter>
173-->[:react-native-firebase_messaging] AndroidManifest.xml:29:13-31:29
174                <action android:name="com.google.android.c2dm.intent.RECEIVE" />
174-->[:react-native-firebase_messaging] AndroidManifest.xml:30:17-81
174-->[:react-native-firebase_messaging] AndroidManifest.xml:30:25-78
175            </intent-filter>
176        </receiver>
177        <!--
178             FirebaseMessagingService performs security checks at runtime,
179             but set to not exported to explicitly avoid allowing another app to call it.
180        -->
181        <service
181-->[com.google.firebase:firebase-messaging:22.0.0] AndroidManifest.xml:41:9-48:19
182            android:name="com.google.firebase.messaging.FirebaseMessagingService"
182-->[com.google.firebase:firebase-messaging:22.0.0] AndroidManifest.xml:42:13-82
183            android:directBootAware="true"
183-->[com.google.firebase:firebase-messaging:22.0.0] AndroidManifest.xml:43:13-43
184            android:exported="false" >
184-->[com.google.firebase:firebase-messaging:22.0.0] AndroidManifest.xml:44:13-37
185            <intent-filter android:priority="-500" >
185-->[:react-native-firebase_messaging] AndroidManifest.xml:20:13-22:29
186                <action android:name="com.google.firebase.MESSAGING_EVENT" />
186-->[:react-native-firebase_messaging] AndroidManifest.xml:21:17-78
186-->[:react-native-firebase_messaging] AndroidManifest.xml:21:25-75
187            </intent-filter>
188        </service>
189        <service
189-->[com.google.firebase:firebase-messaging:22.0.0] AndroidManifest.xml:49:9-55:19
190            android:name="com.google.firebase.components.ComponentDiscoveryService"
190-->[com.google.firebase:firebase-messaging:22.0.0] AndroidManifest.xml:50:13-84
191            android:directBootAware="true"
191-->[com.google.firebase:firebase-common:20.0.0] AndroidManifest.xml:35:13-43
192            android:exported="false" >
192-->[com.google.firebase:firebase-messaging:22.0.0] AndroidManifest.xml:51:13-37
193            <meta-data
193-->[com.google.firebase:firebase-messaging:22.0.0] AndroidManifest.xml:52:13-54:85
194                android:name="com.google.firebase.components:com.google.firebase.messaging.FirebaseMessagingRegistrar"
194-->[com.google.firebase:firebase-messaging:22.0.0] AndroidManifest.xml:53:17-119
195                android:value="com.google.firebase.components.ComponentRegistrar" />
195-->[com.google.firebase:firebase-messaging:22.0.0] AndroidManifest.xml:54:17-82
196            <meta-data
196-->[com.google.firebase:firebase-datatransport:18.0.0] AndroidManifest.xml:28:13-30:85
197                android:name="com.google.firebase.components:com.google.firebase.datatransport.TransportRegistrar"
197-->[com.google.firebase:firebase-datatransport:18.0.0] AndroidManifest.xml:29:17-115
198                android:value="com.google.firebase.components.ComponentRegistrar" />
198-->[com.google.firebase:firebase-datatransport:18.0.0] AndroidManifest.xml:30:17-82
199            <meta-data
199-->[com.google.android.gms:play-services-measurement-api:19.0.0] AndroidManifest.xml:30:13-32:85
200                android:name="com.google.firebase.components:com.google.firebase.analytics.connector.internal.AnalyticsConnectorRegistrar"
200-->[com.google.android.gms:play-services-measurement-api:19.0.0] AndroidManifest.xml:31:17-139
201                android:value="com.google.firebase.components.ComponentRegistrar" />
201-->[com.google.android.gms:play-services-measurement-api:19.0.0] AndroidManifest.xml:32:17-82
202            <meta-data
202-->[com.google.firebase:firebase-installations:17.0.0] AndroidManifest.xml:18:13-20:85
203                android:name="com.google.firebase.components:com.google.firebase.installations.FirebaseInstallationsRegistrar"
203-->[com.google.firebase:firebase-installations:17.0.0] AndroidManifest.xml:19:17-127
204                android:value="com.google.firebase.components.ComponentRegistrar" />
204-->[com.google.firebase:firebase-installations:17.0.0] AndroidManifest.xml:20:17-82
205        </service>
206        <service
206-->[com.google.android.datatransport:transport-backend-cct:3.0.0] AndroidManifest.xml:29:9-35:19
207            android:name="com.google.android.datatransport.runtime.backends.TransportBackendDiscovery"
207-->[com.google.android.datatransport:transport-backend-cct:3.0.0] AndroidManifest.xml:30:13-103
208            android:exported="false" >
208-->[com.google.android.datatransport:transport-backend-cct:3.0.0] AndroidManifest.xml:31:13-37
209            <meta-data
209-->[com.google.android.datatransport:transport-backend-cct:3.0.0] AndroidManifest.xml:32:13-34:39
210                android:name="backend:com.google.android.datatransport.cct.CctBackendFactory"
210-->[com.google.android.datatransport:transport-backend-cct:3.0.0] AndroidManifest.xml:33:17-94
211                android:value="cct" />
211-->[com.google.android.datatransport:transport-backend-cct:3.0.0] AndroidManifest.xml:34:17-36
212        </service>
213        <service
213-->[com.google.android.datatransport:transport-runtime:3.0.0] AndroidManifest.xml:26:9-30:19
214            android:name="com.google.android.datatransport.runtime.scheduling.jobscheduling.JobInfoSchedulerService"
214-->[com.google.android.datatransport:transport-runtime:3.0.0] AndroidManifest.xml:27:13-117
215            android:exported="false"
215-->[com.google.android.datatransport:transport-runtime:3.0.0] AndroidManifest.xml:28:13-37
216            android:permission="android.permission.BIND_JOB_SERVICE" >
216-->[com.google.android.datatransport:transport-runtime:3.0.0] AndroidManifest.xml:29:13-69
217        </service>
218
219        <receiver
219-->[com.google.android.datatransport:transport-runtime:3.0.0] AndroidManifest.xml:32:9-34:40
220            android:name="com.google.android.datatransport.runtime.scheduling.jobscheduling.AlarmManagerSchedulerBroadcastReceiver"
220-->[com.google.android.datatransport:transport-runtime:3.0.0] AndroidManifest.xml:33:13-132
221            android:exported="false" />
221-->[com.google.android.datatransport:transport-runtime:3.0.0] AndroidManifest.xml:34:13-37
222
223        <activity
223-->[com.google.android.gms:play-services-auth:19.2.0] AndroidManifest.xml:23:9-27:75
224            android:name="com.google.android.gms.auth.api.signin.internal.SignInHubActivity"
224-->[com.google.android.gms:play-services-auth:19.2.0] AndroidManifest.xml:24:13-93
225            android:excludeFromRecents="true"
225-->[com.google.android.gms:play-services-auth:19.2.0] AndroidManifest.xml:25:13-46
226            android:exported="false"
226-->[com.google.android.gms:play-services-auth:19.2.0] AndroidManifest.xml:26:13-37
227            android:theme="@android:style/Theme.Translucent.NoTitleBar" />
227-->[com.google.android.gms:play-services-auth:19.2.0] AndroidManifest.xml:27:13-72
228        <!--
229            Service handling Google Sign-In user revocation. For apps that do not integrate with
230            Google Sign-In, this service will never be started.
231        -->
232        <service
232-->[com.google.android.gms:play-services-auth:19.2.0] AndroidManifest.xml:33:9-37:51
233            android:name="com.google.android.gms.auth.api.signin.RevocationBoundService"
233-->[com.google.android.gms:play-services-auth:19.2.0] AndroidManifest.xml:34:13-89
234            android:exported="true"
234-->[com.google.android.gms:play-services-auth:19.2.0] AndroidManifest.xml:35:13-36
235            android:permission="com.google.android.gms.auth.api.signin.permission.REVOCATION_NOTIFICATION"
235-->[com.google.android.gms:play-services-auth:19.2.0] AndroidManifest.xml:36:13-107
236            android:visibleToInstantApps="true" />
236-->[com.google.android.gms:play-services-auth:19.2.0] AndroidManifest.xml:37:13-48
237
238        <activity
238-->[com.google.android.gms:play-services-base:17.5.0] AndroidManifest.xml:23:9-26:75
239            android:name="com.google.android.gms.common.api.GoogleApiActivity"
239-->[com.google.android.gms:play-services-base:17.5.0] AndroidManifest.xml:24:13-79
240            android:exported="false"
240-->[com.google.android.gms:play-services-base:17.5.0] AndroidManifest.xml:25:13-37
241            android:theme="@android:style/Theme.Translucent.NoTitleBar" />
241-->[com.google.android.gms:play-services-base:17.5.0] AndroidManifest.xml:26:13-72
242
243        <provider
243-->[com.google.firebase:firebase-common:20.0.0] AndroidManifest.xml:26:9-31:39
244            android:name="com.google.firebase.provider.FirebaseInitProvider"
244-->[com.google.firebase:firebase-common:20.0.0] AndroidManifest.xml:27:13-77
245            android:authorities="skyward.crm.new_skyward_crm.firebaseinitprovider"
245-->[com.google.firebase:firebase-common:20.0.0] AndroidManifest.xml:28:13-72
246            android:directBootAware="true"
246-->[com.google.firebase:firebase-common:20.0.0] AndroidManifest.xml:29:13-43
247            android:exported="false"
247-->[com.google.firebase:firebase-common:20.0.0] AndroidManifest.xml:30:13-37
248            android:initOrder="100" />
248-->[com.google.firebase:firebase-common:20.0.0] AndroidManifest.xml:31:13-36
249
250        <receiver
250-->[com.google.android.gms:play-services-measurement:19.0.0] AndroidManifest.xml:29:9-33:20
251            android:name="com.google.android.gms.measurement.AppMeasurementReceiver"
251-->[com.google.android.gms:play-services-measurement:19.0.0] AndroidManifest.xml:30:13-85
252            android:enabled="true"
252-->[com.google.android.gms:play-services-measurement:19.0.0] AndroidManifest.xml:31:13-35
253            android:exported="false" >
253-->[com.google.android.gms:play-services-measurement:19.0.0] AndroidManifest.xml:32:13-37
254        </receiver>
255
256        <service
256-->[com.google.android.gms:play-services-measurement:19.0.0] AndroidManifest.xml:35:9-38:40
257            android:name="com.google.android.gms.measurement.AppMeasurementService"
257-->[com.google.android.gms:play-services-measurement:19.0.0] AndroidManifest.xml:36:13-84
258            android:enabled="true"
258-->[com.google.android.gms:play-services-measurement:19.0.0] AndroidManifest.xml:37:13-35
259            android:exported="false" />